<?xml version="1.0" encoding="UTF-8"?>
<!-- Generated by org.testng.reporters.JUnitXMLReporter -->
<testsuite ignored="0" hostname="LAPTOP-ALB1PIQL" failures="0" tests="10" name="Default test" time="15.002" errors="0" timestamp="2024-10-03T23:18:34 IST">
  <testcase classname="apiTesting.Beecaptor" name="t1" time="5.01"/>
  <testcase classname="apiTesting.Beecaptor" name="t2" time="1.108"/>
  <testcase classname="apiTesting.Beecaptor" name="t3" time="0.968"/>
  <testcase classname="apiTesting.Beecaptor" name="t4" time="1.083"/>
  <testcase classname="apiTesting.Beecaptor" name="t5" time="1.178"/>
  <testcase classname="apiTesting.Beecaptor" name="t6" time="1.169"/>
  <testcase classname="apiTesting.Beecaptor" name="t7" time="1.147"/>
  <testcase classname="apiTesting.Beecaptor" name="login" time="1.097"/>
  <testcase classname="apiTesting.Beecaptor" name="token" time="1.189"/>
  <testcase classname="apiTesting.Beecaptor" name="retrieve" time="0.928"/>
</testsuite> <!-- Default test -->
