<?xml version="1.0" encoding="UTF-8"?>
<testng-results ignored="0" total="1" passed="1" failed="0" skipped="0">
  <reporter-output>
  </reporter-output>
  <suite started-at="2024-10-07T10:51:03 IST" name="Default suite" finished-at="2024-10-07T10:52:18 IST" duration-ms="75022">
    <groups>
    </groups>
    <test started-at="2024-10-07T10:51:03 IST" name="Default test" finished-at="2024-10-07T10:52:18 IST" duration-ms="75022">
      <class name="native_App.Simplenote">
        <test-method is-config="true" signature="bt()[pri:0, instance:native_App.Simplenote@6e2829c7]" started-at="2024-10-07T10:51:03 IST" name="bt" finished-at="2024-10-07T10:51:18 IST" duration-ms="15369" status="PASS">
          <reporter-output>
          </reporter-output>
        </test-method> <!-- bt -->
        <test-method signature="Test()[pri:0, instance:native_App.Simplenote@6e2829c7]" started-at="2024-10-07T10:51:19 IST" name="Test" finished-at="2024-10-07T10:52:18 IST" duration-ms="59491" status="PASS">
          <reporter-output>
          </reporter-output>
        </test-method> <!-- Test -->
      </class> <!-- native_App.Simplenote -->
    </test> <!-- Default test -->
  </suite> <!-- Default suite -->
</testng-results>
